<?xml version="1.0" encoding="UTF-8"?>
<!-- Generated by org.testng.reporters.JUnitReportReporter -->
<testsuite name="test.TestTodoistAddTaskToToday" tests="2" time="1.610" ignored="0" failures="0" timestamp="28 Mar 2020 01:40:29 GMT" skipped="0" hostname="DON-DELL" errors="0">
  <testcase name="test_Dont_Add_Task_To_Today_Page" time="0.697" classname="test.TestTodoistAddTaskToToday"/>
  <testcase name="test_Add_Task_To_Today_Page" time="0.913" classname="test.TestTodoistAddTaskToToday"/>
</testsuite> <!-- test.TestTodoistAddTaskToToday -->
