<?xml version="1.0" encoding="UTF-8"?>
<!-- Generated by org.testng.reporters.JUnitReportReporter -->
<testsuite name="test.TestTodoistLogin" tests="1" time="15.190" ignored="0" failures="0" timestamp="28 Mar 2020 01:40:29 GMT" skipped="0" hostname="DON-DELL" errors="0">
  <testcase name="test_Home_Page" time="15.190" classname="test.TestTodoistLogin"/>
</testsuite> <!-- test.TestTodoistLogin -->
